<?xml version="1.0" encoding="UTF-8"?>
<!-- Generated by org.testng.reporters.JUnitReportReporter -->
<testsuite hostname="DESKTOP-FLFCU5L" failures="0" tests="3" name="facebookProject.FacebookHomePage" time="11.504" errors="0" timestamp="2022-12-05T08:29:41 IST" skipped="0">
  <testcase classname="facebookProject.FacebookHomePage" name="f2" time="3.588"/>
  <system-out/>
  <testcase classname="facebookProject.FacebookHomePage" name="f3" time="3.555"/>
  <system-out/>
  <testcase classname="facebookProject.FacebookHomePage" name="validatingFacebookPageTitle" time="4.361"/>
  <system-out/>
</testsuite> <!-- facebookProject.FacebookHomePage -->
